2025-11-11T02:54:06.968+05:30  WARN 31660 --- [product-service] [HikariPool-1:housekeeper] com.zaxxer.hikari.pool.HikariPool        : HikariPool-1 - Thread starvation or clock leap detected (housekeeper delta=10h59m5s189ms545µs100ns).
2025-11-11T02:54:15.455+05:30 DEBUG 31660 --- [product-service] [DiscoveryClient-CacheRefreshExecutor-%d] c.n.d.s.t.d.SessionedEurekaHttpClient    : Ending a session and starting anew
2025-11-11T02:54:15.455+05:30 DEBUG 31660 --- [product-service] [DiscoveryClient-HeartbeatExecutor-%d] c.n.d.s.t.d.SessionedEurekaHttpClient    : Ending a session and starting anew
2025-11-11T02:54:15.488+05:30 DEBUG 31660 --- [product-service] [DiscoveryClient-HeartbeatExecutor-%d] c.n.d.s.t.d.RedirectingEurekaHttpClient  : Pinning to endpoint null
2025-11-11T02:54:15.488+05:30 DEBUG 31660 --- [product-service] [DiscoveryClient-HeartbeatExecutor-%d] com.netflix.discovery.DiscoveryClient    : DiscoveryClient_PRODUCT-SERVICE/product-service:0e4f6ea2f3ed3aa85ae0ffd8a0ed2958 - Heartbeat status: 200
2025-11-11T02:54:15.488+05:30 DEBUG 31660 --- [product-service] [DiscoveryClient-CacheRefreshExecutor-%d] c.n.d.s.t.d.RedirectingEurekaHttpClient  : Pinning to endpoint null
2025-11-11T02:54:15.488+05:30 DEBUG 31660 --- [product-service] [DiscoveryClient-CacheRefreshExecutor-%d] com.netflix.discovery.DiscoveryClient    : Got delta update with apps hashcode UP_5_
2025-11-11T02:54:15.488+05:30 DEBUG 31660 --- [product-service] [DiscoveryClient-CacheRefreshExecutor-%d] com.netflix.discovery.DiscoveryClient    : The total number of instances fetched by the delta processor : 0
2025-11-11T02:54:15.489+05:30 DEBUG 31660 --- [product-service] [DiscoveryClient-CacheRefreshExecutor-%d] com.netflix.discovery.DiscoveryClient    : The total number of all instances in the client now is 5
2025-11-11T02:54:15.489+05:30 DEBUG 31660 --- [product-service] [DiscoveryClient-CacheRefreshExecutor-%d] com.netflix.discovery.DiscoveryClient    : Completed cache refresh task for discovery. All Apps hash code is Local region apps hashcode: UP_5_, is fetching remote regions? false 
2025-11-11T09:16:05.500+05:30  WARN 31660 --- [product-service] [HikariPool-1:housekeeper] com.zaxxer.hikari.pool.HikariPool        : HikariPool-1 - Thread starvation or clock leap detected (housekeeper delta=6h22m7s58ms818µs100ns).
2025-11-11T09:16:06.962+05:30  INFO 31660 --- [product-service] [AsyncResolver-bootstrap-executor-%d] c.n.d.s.r.aws.ConfigClusterResolver      : Resolving eureka endpoints via configuration
2025-11-11T09:16:06.963+05:30 DEBUG 31660 --- [product-service] [AsyncResolver-bootstrap-executor-%d] c.n.discovery.endpoint.EndpointUtils     : The availability zone for the given region us-east-1 are [defaultZone]
2025-11-11T09:16:06.963+05:30 DEBUG 31660 --- [product-service] [AsyncResolver-bootstrap-executor-%d] c.n.d.s.r.aws.ConfigClusterResolver      : Config resolved to [AwsEndpoint{ serviceUrl='http://localhost:8761/eureka/', region='us-east-1', zone='defaultZone'}]
2025-11-11T09:16:06.963+05:30 DEBUG 31660 --- [product-service] [AsyncResolver-bootstrap-executor-%d] c.n.d.s.r.a.ZoneAffinityClusterResolver  : Local zone=defaultZone; resolved to: [AwsEndpoint{ serviceUrl='http://localhost:8761/eureka/', region='us-east-1', zone='defaultZone'}]
2025-11-11T09:16:06.963+05:30 DEBUG 31660 --- [product-service] [AsyncResolver-bootstrap-executor-%d] c.n.d.shared.resolver.AsyncResolver      : Resolved to [AwsEndpoint{ serviceUrl='http://localhost:8761/eureka/', region='us-east-1', zone='defaultZone'}]
2025-11-11T09:16:13.977+05:30 DEBUG 31660 --- [product-service] [DiscoveryClient-HeartbeatExecutor-%d] c.n.d.s.t.d.SessionedEurekaHttpClient    : Ending a session and starting anew
2025-11-11T09:16:13.977+05:30 DEBUG 31660 --- [product-service] [DiscoveryClient-CacheRefreshExecutor-%d] c.n.d.s.t.d.SessionedEurekaHttpClient    : Ending a session and starting anew
2025-11-11T09:16:13.993+05:30 DEBUG 31660 --- [product-service] [DiscoveryClient-HeartbeatExecutor-%d] c.n.d.s.t.d.RedirectingEurekaHttpClient  : Pinning to endpoint null
2025-11-11T09:16:13.993+05:30 DEBUG 31660 --- [product-service] [DiscoveryClient-HeartbeatExecutor-%d] com.netflix.discovery.DiscoveryClient    : DiscoveryClient_PRODUCT-SERVICE/product-service:0e4f6ea2f3ed3aa85ae0ffd8a0ed2958 - Heartbeat status: 200
2025-11-11T09:16:13.998+05:30 DEBUG 31660 --- [product-service] [DiscoveryClient-CacheRefreshExecutor-%d] c.n.d.s.t.d.RedirectingEurekaHttpClient  : Pinning to endpoint null
2025-11-11T09:16:13.998+05:30 DEBUG 31660 --- [product-service] [DiscoveryClient-CacheRefreshExecutor-%d] com.netflix.discovery.DiscoveryClient    : Got delta update with apps hashcode UP_5_
2025-11-11T09:16:13.998+05:30 DEBUG 31660 --- [product-service] [DiscoveryClient-CacheRefreshExecutor-%d] com.netflix.discovery.DiscoveryClient    : The total number of instances fetched by the delta processor : 0
2025-11-11T09:16:13.998+05:30 DEBUG 31660 --- [product-service] [DiscoveryClient-CacheRefreshExecutor-%d] com.netflix.discovery.DiscoveryClient    : The total number of all instances in the client now is 5
2025-11-11T09:16:13.998+05:30 DEBUG 31660 --- [product-service] [DiscoveryClient-CacheRefreshExecutor-%d] com.netflix.discovery.DiscoveryClient    : Completed cache refresh task for discovery. All Apps hash code is Local region apps hashcode: UP_5_, is fetching remote regions? false 
2025-11-11T09:16:44.023+05:30 DEBUG 31660 --- [product-service] [DiscoveryClient-HeartbeatExecutor-%d] com.netflix.discovery.DiscoveryClient    : DiscoveryClient_PRODUCT-SERVICE/product-service:0e4f6ea2f3ed3aa85ae0ffd8a0ed2958 - Heartbeat status: 200
2025-11-11T09:16:44.023+05:30 DEBUG 31660 --- [product-service] [DiscoveryClient-CacheRefreshExecutor-%d] com.netflix.discovery.DiscoveryClient    : Got delta update with apps hashcode UP_5_
2025-11-11T09:16:44.023+05:30 DEBUG 31660 --- [product-service] [DiscoveryClient-CacheRefreshExecutor-%d] com.netflix.discovery.DiscoveryClient    : The total number of instances fetched by the delta processor : 0
2025-11-11T09:16:44.023+05:30 DEBUG 31660 --- [product-service] [DiscoveryClient-CacheRefreshExecutor-%d] com.netflix.discovery.DiscoveryClient    : The total number of all instances in the client now is 5
2025-11-11T09:16:44.023+05:30 DEBUG 31660 --- [product-service] [DiscoveryClient-CacheRefreshExecutor-%d] com.netflix.discovery.DiscoveryClient    : Completed cache refresh task for discovery. All Apps hash code is Local region apps hashcode: UP_5_, is fetching remote regions? false 
2025-11-11T09:17:14.048+05:30 DEBUG 31660 --- [product-service] [DiscoveryClient-CacheRefreshExecutor-%d] com.netflix.discovery.DiscoveryClient    : Got delta update with apps hashcode UP_5_
2025-11-11T09:17:14.048+05:30 DEBUG 31660 --- [product-service] [DiscoveryClient-CacheRefreshExecutor-%d] com.netflix.discovery.DiscoveryClient    : The total number of instances fetched by the delta processor : 0
2025-11-11T09:17:14.048+05:30 DEBUG 31660 --- [product-service] [DiscoveryClient-CacheRefreshExecutor-%d] com.netflix.discovery.DiscoveryClient    : The total number of all instances in the client now is 5
2025-11-11T09:17:14.049+05:30 DEBUG 31660 --- [product-service] [DiscoveryClient-CacheRefreshExecutor-%d] com.netflix.discovery.DiscoveryClient    : Completed cache refresh task for discovery. All Apps hash code is Local region apps hashcode: UP_5_, is fetching remote regions? false 
2025-11-11T09:17:14.048+05:30 DEBUG 31660 --- [product-service] [DiscoveryClient-HeartbeatExecutor-%d] com.netflix.discovery.DiscoveryClient    : DiscoveryClient_PRODUCT-SERVICE/product-service:0e4f6ea2f3ed3aa85ae0ffd8a0ed2958 - Heartbeat status: 200
2025-11-11T09:17:44.071+05:30 DEBUG 31660 --- [product-service] [DiscoveryClient-HeartbeatExecutor-%d] com.netflix.discovery.DiscoveryClient    : DiscoveryClient_PRODUCT-SERVICE/product-service:0e4f6ea2f3ed3aa85ae0ffd8a0ed2958 - Heartbeat status: 200
2025-11-11T09:17:44.071+05:30 DEBUG 31660 --- [product-service] [DiscoveryClient-CacheRefreshExecutor-%d] com.netflix.discovery.DiscoveryClient    : Got delta update with apps hashcode UP_5_
2025-11-11T09:17:44.071+05:30 DEBUG 31660 --- [product-service] [DiscoveryClient-CacheRefreshExecutor-%d] com.netflix.discovery.DiscoveryClient    : The total number of instances fetched by the delta processor : 0
2025-11-11T09:17:44.072+05:30 DEBUG 31660 --- [product-service] [DiscoveryClient-CacheRefreshExecutor-%d] com.netflix.discovery.DiscoveryClient    : The total number of all instances in the client now is 5
2025-11-11T09:17:44.072+05:30 DEBUG 31660 --- [product-service] [DiscoveryClient-CacheRefreshExecutor-%d] com.netflix.discovery.DiscoveryClient    : Completed cache refresh task for discovery. All Apps hash code is Local region apps hashcode: UP_5_, is fetching remote regions? false 
2025-11-11T09:18:14.100+05:30 DEBUG 31660 --- [product-service] [DiscoveryClient-HeartbeatExecutor-%d] com.netflix.discovery.DiscoveryClient    : DiscoveryClient_PRODUCT-SERVICE/product-service:0e4f6ea2f3ed3aa85ae0ffd8a0ed2958 - Heartbeat status: 200
2025-11-11T09:18:14.101+05:30 DEBUG 31660 --- [product-service] [DiscoveryClient-CacheRefreshExecutor-%d] com.netflix.discovery.DiscoveryClient    : Got delta update with apps hashcode UP_5_
2025-11-11T09:18:14.101+05:30 DEBUG 31660 --- [product-service] [DiscoveryClient-CacheRefreshExecutor-%d] com.netflix.discovery.DiscoveryClient    : The total number of instances fetched by the delta processor : 0
2025-11-11T09:18:14.102+05:30 DEBUG 31660 --- [product-service] [DiscoveryClient-CacheRefreshExecutor-%d] com.netflix.discovery.DiscoveryClient    : The total number of all instances in the client now is 5
2025-11-11T09:18:14.102+05:30 DEBUG 31660 --- [product-service] [DiscoveryClient-CacheRefreshExecutor-%d] com.netflix.discovery.DiscoveryClient    : Completed cache refresh task for discovery. All Apps hash code is Local region apps hashcode: UP_5_, is fetching remote regions? false 
2025-11-11T09:18:44.128+05:30 DEBUG 31660 --- [product-service] [DiscoveryClient-HeartbeatExecutor-%d] com.netflix.discovery.DiscoveryClient    : DiscoveryClient_PRODUCT-SERVICE/product-service:0e4f6ea2f3ed3aa85ae0ffd8a0ed2958 - Heartbeat status: 200
2025-11-11T09:18:44.129+05:30 DEBUG 31660 --- [product-service] [DiscoveryClient-CacheRefreshExecutor-%d] com.netflix.discovery.DiscoveryClient    : Got delta update with apps hashcode UP_5_
2025-11-11T09:18:44.129+05:30 DEBUG 31660 --- [product-service] [DiscoveryClient-CacheRefreshExecutor-%d] com.netflix.discovery.DiscoveryClient    : The total number of instances fetched by the delta processor : 0
2025-11-11T09:18:44.130+05:30 DEBUG 31660 --- [product-service] [DiscoveryClient-CacheRefreshExecutor-%d] com.netflix.discovery.DiscoveryClient    : The total number of all instances in the client now is 5
2025-11-11T09:18:44.130+05:30 DEBUG 31660 --- [product-service] [DiscoveryClient-CacheRefreshExecutor-%d] com.netflix.discovery.DiscoveryClient    : Completed cache refresh task for discovery. All Apps hash code is Local region apps hashcode: UP_5_, is fetching remote regions? false 
2025-11-11T09:19:14.159+05:30 DEBUG 31660 --- [product-service] [DiscoveryClient-HeartbeatExecutor-%d] com.netflix.discovery.DiscoveryClient    : DiscoveryClient_PRODUCT-SERVICE/product-service:0e4f6ea2f3ed3aa85ae0ffd8a0ed2958 - Heartbeat status: 200
2025-11-11T09:19:14.159+05:30 DEBUG 31660 --- [product-service] [DiscoveryClient-CacheRefreshExecutor-%d] com.netflix.discovery.DiscoveryClient    : Got delta update with apps hashcode UP_5_
2025-11-11T09:19:14.159+05:30 DEBUG 31660 --- [product-service] [DiscoveryClient-CacheRefreshExecutor-%d] com.netflix.discovery.DiscoveryClient    : The total number of instances fetched by the delta processor : 0
2025-11-11T09:19:14.160+05:30 DEBUG 31660 --- [product-service] [DiscoveryClient-CacheRefreshExecutor-%d] com.netflix.discovery.DiscoveryClient    : The total number of all instances in the client now is 5
2025-11-11T09:19:14.161+05:30 DEBUG 31660 --- [product-service] [DiscoveryClient-CacheRefreshExecutor-%d] com.netflix.discovery.DiscoveryClient    : Completed cache refresh task for discovery. All Apps hash code is Local region apps hashcode: UP_5_, is fetching remote regions? false 
2025-11-11T09:19:44.190+05:30 DEBUG 31660 --- [product-service] [DiscoveryClient-HeartbeatExecutor-%d] com.netflix.discovery.DiscoveryClient    : DiscoveryClient_PRODUCT-SERVICE/product-service:0e4f6ea2f3ed3aa85ae0ffd8a0ed2958 - Heartbeat status: 200
2025-11-11T09:19:44.191+05:30 DEBUG 31660 --- [product-service] [DiscoveryClient-CacheRefreshExecutor-%d] com.netflix.discovery.DiscoveryClient    : Got delta update with apps hashcode UP_5_
2025-11-11T09:19:44.191+05:30 DEBUG 31660 --- [product-service] [DiscoveryClient-CacheRefreshExecutor-%d] com.netflix.discovery.DiscoveryClient    : The total number of instances fetched by the delta processor : 0
2025-11-11T09:19:44.191+05:30 DEBUG 31660 --- [product-service] [DiscoveryClient-CacheRefreshExecutor-%d] com.netflix.discovery.DiscoveryClient    : The total number of all instances in the client now is 5
2025-11-11T09:19:44.191+05:30 DEBUG 31660 --- [product-service] [DiscoveryClient-CacheRefreshExecutor-%d] com.netflix.discovery.DiscoveryClient    : Completed cache refresh task for discovery. All Apps hash code is Local region apps hashcode: UP_5_, is fetching remote regions? false 
2025-11-11T09:20:14.217+05:30 DEBUG 31660 --- [product-service] [DiscoveryClient-HeartbeatExecutor-%d] com.netflix.discovery.DiscoveryClient    : DiscoveryClient_PRODUCT-SERVICE/product-service:0e4f6ea2f3ed3aa85ae0ffd8a0ed2958 - Heartbeat status: 200
2025-11-11T09:20:14.217+05:30 DEBUG 31660 --- [product-service] [DiscoveryClient-CacheRefreshExecutor-%d] com.netflix.discovery.DiscoveryClient    : Got delta update with apps hashcode UP_5_
2025-11-11T09:20:14.218+05:30 DEBUG 31660 --- [product-service] [DiscoveryClient-CacheRefreshExecutor-%d] com.netflix.discovery.DiscoveryClient    : The total number of instances fetched by the delta processor : 0
2025-11-11T09:20:14.218+05:30 DEBUG 31660 --- [product-service] [DiscoveryClient-CacheRefreshExecutor-%d] com.netflix.discovery.DiscoveryClient    : The total number of all instances in the client now is 5
2025-11-11T09:20:14.218+05:30 DEBUG 31660 --- [product-service] [DiscoveryClient-CacheRefreshExecutor-%d] com.netflix.discovery.DiscoveryClient    : Completed cache refresh task for discovery. All Apps hash code is Local region apps hashcode: UP_5_, is fetching remote regions? false 
2025-11-11T09:20:44.246+05:30 DEBUG 31660 --- [product-service] [DiscoveryClient-HeartbeatExecutor-%d] com.netflix.discovery.DiscoveryClient    : DiscoveryClient_PRODUCT-SERVICE/product-service:0e4f6ea2f3ed3aa85ae0ffd8a0ed2958 - Heartbeat status: 200
2025-11-11T09:20:44.246+05:30 DEBUG 31660 --- [product-service] [DiscoveryClient-CacheRefreshExecutor-%d] com.netflix.discovery.DiscoveryClient    : Got delta update with apps hashcode UP_5_
2025-11-11T09:20:44.246+05:30 DEBUG 31660 --- [product-service] [DiscoveryClient-CacheRefreshExecutor-%d] com.netflix.discovery.DiscoveryClient    : The total number of instances fetched by the delta processor : 0
2025-11-11T09:20:44.247+05:30 DEBUG 31660 --- [product-service] [DiscoveryClient-CacheRefreshExecutor-%d] com.netflix.discovery.DiscoveryClient    : The total number of all instances in the client now is 5
2025-11-11T09:20:44.247+05:30 DEBUG 31660 --- [product-service] [DiscoveryClient-CacheRefreshExecutor-%d] com.netflix.discovery.DiscoveryClient    : Completed cache refresh task for discovery. All Apps hash code is Local region apps hashcode: UP_5_, is fetching remote regions? false 
2025-11-11T09:21:06.967+05:30  INFO 31660 --- [product-service] [AsyncResolver-bootstrap-executor-%d] c.n.d.s.r.aws.ConfigClusterResolver      : Resolving eureka endpoints via configuration
2025-11-11T09:21:06.968+05:30 DEBUG 31660 --- [product-service] [AsyncResolver-bootstrap-executor-%d] c.n.discovery.endpoint.EndpointUtils     : The availability zone for the given region us-east-1 are [defaultZone]
2025-11-11T09:21:06.968+05:30 DEBUG 31660 --- [product-service] [AsyncResolver-bootstrap-executor-%d] c.n.d.s.r.aws.ConfigClusterResolver      : Config resolved to [AwsEndpoint{ serviceUrl='http://localhost:8761/eureka/', region='us-east-1', zone='defaultZone'}]
2025-11-11T09:21:06.968+05:30 DEBUG 31660 --- [product-service] [AsyncResolver-bootstrap-executor-%d] c.n.d.s.r.a.ZoneAffinityClusterResolver  : Local zone=defaultZone; resolved to: [AwsEndpoint{ serviceUrl='http://localhost:8761/eureka/', region='us-east-1', zone='defaultZone'}]
2025-11-11T09:21:06.969+05:30 DEBUG 31660 --- [product-service] [AsyncResolver-bootstrap-executor-%d] c.n.d.shared.resolver.AsyncResolver      : Resolved to [AwsEndpoint{ serviceUrl='http://localhost:8761/eureka/', region='us-east-1', zone='defaultZone'}]
2025-11-11T09:21:14.267+05:30 DEBUG 31660 --- [product-service] [DiscoveryClient-HeartbeatExecutor-%d] com.netflix.discovery.DiscoveryClient    : DiscoveryClient_PRODUCT-SERVICE/product-service:0e4f6ea2f3ed3aa85ae0ffd8a0ed2958 - Heartbeat status: 200
2025-11-11T09:21:14.268+05:30 DEBUG 31660 --- [product-service] [DiscoveryClient-CacheRefreshExecutor-%d] com.netflix.discovery.DiscoveryClient    : Got delta update with apps hashcode UP_5_
2025-11-11T09:21:14.268+05:30 DEBUG 31660 --- [product-service] [DiscoveryClient-CacheRefreshExecutor-%d] com.netflix.discovery.DiscoveryClient    : The total number of instances fetched by the delta processor : 0
2025-11-11T09:21:14.268+05:30 DEBUG 31660 --- [product-service] [DiscoveryClient-CacheRefreshExecutor-%d] com.netflix.discovery.DiscoveryClient    : The total number of all instances in the client now is 5
2025-11-11T09:21:14.269+05:30 DEBUG 31660 --- [product-service] [DiscoveryClient-CacheRefreshExecutor-%d] com.netflix.discovery.DiscoveryClient    : Completed cache refresh task for discovery. All Apps hash code is Local region apps hashcode: UP_5_, is fetching remote regions? false 
2025-11-11T09:21:44.289+05:30 DEBUG 31660 --- [product-service] [DiscoveryClient-HeartbeatExecutor-%d] com.netflix.discovery.DiscoveryClient    : DiscoveryClient_PRODUCT-SERVICE/product-service:0e4f6ea2f3ed3aa85ae0ffd8a0ed2958 - Heartbeat status: 200
2025-11-11T09:21:44.290+05:30 DEBUG 31660 --- [product-service] [DiscoveryClient-CacheRefreshExecutor-%d] com.netflix.discovery.DiscoveryClient    : Got delta update with apps hashcode UP_5_
2025-11-11T09:21:44.290+05:30 DEBUG 31660 --- [product-service] [DiscoveryClient-CacheRefreshExecutor-%d] com.netflix.discovery.DiscoveryClient    : The total number of instances fetched by the delta processor : 0
2025-11-11T09:21:44.290+05:30 DEBUG 31660 --- [product-service] [DiscoveryClient-CacheRefreshExecutor-%d] com.netflix.discovery.DiscoveryClient    : The total number of all instances in the client now is 5
2025-11-11T09:21:44.291+05:30 DEBUG 31660 --- [product-service] [DiscoveryClient-CacheRefreshExecutor-%d] com.netflix.discovery.DiscoveryClient    : Completed cache refresh task for discovery. All Apps hash code is Local region apps hashcode: UP_5_, is fetching remote regions? false 
2025-11-11T09:22:14.311+05:30 DEBUG 31660 --- [product-service] [DiscoveryClient-HeartbeatExecutor-%d] com.netflix.discovery.DiscoveryClient    : DiscoveryClient_PRODUCT-SERVICE/product-service:0e4f6ea2f3ed3aa85ae0ffd8a0ed2958 - Heartbeat status: 200
2025-11-11T09:22:14.312+05:30 DEBUG 31660 --- [product-service] [DiscoveryClient-CacheRefreshExecutor-%d] com.netflix.discovery.DiscoveryClient    : Got delta update with apps hashcode UP_5_
2025-11-11T09:22:14.347+05:30 DEBUG 31660 --- [product-service] [DiscoveryClient-CacheRefreshExecutor-%d] com.netflix.discovery.DiscoveryClient    : The total number of instances fetched by the delta processor : 0
2025-11-11T09:22:14.347+05:30 DEBUG 31660 --- [product-service] [DiscoveryClient-CacheRefreshExecutor-%d] com.netflix.discovery.DiscoveryClient    : The total number of all instances in the client now is 5
2025-11-11T09:22:14.347+05:30 DEBUG 31660 --- [product-service] [DiscoveryClient-CacheRefreshExecutor-%d] com.netflix.discovery.DiscoveryClient    : Completed cache refresh task for discovery. All Apps hash code is Local region apps hashcode: UP_5_, is fetching remote regions? false 
2025-11-11T09:22:44.334+05:30 DEBUG 31660 --- [product-service] [DiscoveryClient-HeartbeatExecutor-%d] com.netflix.discovery.DiscoveryClient    : DiscoveryClient_PRODUCT-SERVICE/product-service:0e4f6ea2f3ed3aa85ae0ffd8a0ed2958 - Heartbeat status: 200
2025-11-11T09:22:44.379+05:30 DEBUG 31660 --- [product-service] [DiscoveryClient-CacheRefreshExecutor-%d] com.netflix.discovery.DiscoveryClient    : Got delta update with apps hashcode UP_5_
2025-11-11T09:22:44.380+05:30 DEBUG 31660 --- [product-service] [DiscoveryClient-CacheRefreshExecutor-%d] com.netflix.discovery.DiscoveryClient    : The total number of instances fetched by the delta processor : 0
2025-11-11T09:22:44.380+05:30 DEBUG 31660 --- [product-service] [DiscoveryClient-CacheRefreshExecutor-%d] com.netflix.discovery.DiscoveryClient    : The total number of all instances in the client now is 5
2025-11-11T09:22:44.380+05:30 DEBUG 31660 --- [product-service] [DiscoveryClient-CacheRefreshExecutor-%d] com.netflix.discovery.DiscoveryClient    : Completed cache refresh task for discovery. All Apps hash code is Local region apps hashcode: UP_5_, is fetching remote regions? false 
2025-11-11T09:23:14.360+05:30 DEBUG 31660 --- [product-service] [DiscoveryClient-HeartbeatExecutor-%d] com.netflix.discovery.DiscoveryClient    : DiscoveryClient_PRODUCT-SERVICE/product-service:0e4f6ea2f3ed3aa85ae0ffd8a0ed2958 - Heartbeat status: 200
2025-11-11T09:23:14.409+05:30 DEBUG 31660 --- [product-service] [DiscoveryClient-CacheRefreshExecutor-%d] com.netflix.discovery.DiscoveryClient    : Got delta update with apps hashcode UP_5_
2025-11-11T09:23:14.409+05:30 DEBUG 31660 --- [product-service] [DiscoveryClient-CacheRefreshExecutor-%d] com.netflix.discovery.DiscoveryClient    : The total number of instances fetched by the delta processor : 0
2025-11-11T09:23:14.409+05:30 DEBUG 31660 --- [product-service] [DiscoveryClient-CacheRefreshExecutor-%d] com.netflix.discovery.DiscoveryClient    : The total number of all instances in the client now is 5
2025-11-11T09:23:14.410+05:30 DEBUG 31660 --- [product-service] [DiscoveryClient-CacheRefreshExecutor-%d] com.netflix.discovery.DiscoveryClient    : Completed cache refresh task for discovery. All Apps hash code is Local region apps hashcode: UP_5_, is fetching remote regions? false 
2025-11-11T09:23:44.389+05:30 DEBUG 31660 --- [product-service] [DiscoveryClient-HeartbeatExecutor-%d] com.netflix.discovery.DiscoveryClient    : DiscoveryClient_PRODUCT-SERVICE/product-service:0e4f6ea2f3ed3aa85ae0ffd8a0ed2958 - Heartbeat status: 200
2025-11-11T09:23:44.439+05:30 DEBUG 31660 --- [product-service] [DiscoveryClient-CacheRefreshExecutor-%d] com.netflix.discovery.DiscoveryClient    : Got delta update with apps hashcode UP_5_
2025-11-11T09:23:44.439+05:30 DEBUG 31660 --- [product-service] [DiscoveryClient-CacheRefreshExecutor-%d] com.netflix.discovery.DiscoveryClient    : The total number of instances fetched by the delta processor : 0
2025-11-11T09:23:44.440+05:30 DEBUG 31660 --- [product-service] [DiscoveryClient-CacheRefreshExecutor-%d] com.netflix.discovery.DiscoveryClient    : The total number of all instances in the client now is 5
2025-11-11T09:23:44.440+05:30 DEBUG 31660 --- [product-service] [DiscoveryClient-CacheRefreshExecutor-%d] com.netflix.discovery.DiscoveryClient    : Completed cache refresh task for discovery. All Apps hash code is Local region apps hashcode: UP_5_, is fetching remote regions? false 
2025-11-11T09:24:14.423+05:30 DEBUG 31660 --- [product-service] [DiscoveryClient-HeartbeatExecutor-%d] com.netflix.discovery.DiscoveryClient    : DiscoveryClient_PRODUCT-SERVICE/product-service:0e4f6ea2f3ed3aa85ae0ffd8a0ed2958 - Heartbeat status: 200
2025-11-11T09:24:14.473+05:30 DEBUG 31660 --- [product-service] [DiscoveryClient-CacheRefreshExecutor-%d] com.netflix.discovery.DiscoveryClient    : Got delta update with apps hashcode UP_5_
2025-11-11T09:24:14.473+05:30 DEBUG 31660 --- [product-service] [DiscoveryClient-CacheRefreshExecutor-%d] com.netflix.discovery.DiscoveryClient    : The total number of instances fetched by the delta processor : 0
2025-11-11T09:24:14.474+05:30 DEBUG 31660 --- [product-service] [DiscoveryClient-CacheRefreshExecutor-%d] com.netflix.discovery.DiscoveryClient    : The total number of all instances in the client now is 5
2025-11-11T09:24:14.475+05:30 DEBUG 31660 --- [product-service] [DiscoveryClient-CacheRefreshExecutor-%d] com.netflix.discovery.DiscoveryClient    : Completed cache refresh task for discovery. All Apps hash code is Local region apps hashcode: UP_5_, is fetching remote regions? false 
2025-11-11T09:24:44.445+05:30 DEBUG 31660 --- [product-service] [DiscoveryClient-HeartbeatExecutor-%d] com.netflix.discovery.DiscoveryClient    : DiscoveryClient_PRODUCT-SERVICE/product-service:0e4f6ea2f3ed3aa85ae0ffd8a0ed2958 - Heartbeat status: 200
2025-11-11T09:24:44.509+05:30 DEBUG 31660 --- [product-service] [DiscoveryClient-CacheRefreshExecutor-%d] com.netflix.discovery.DiscoveryClient    : Got delta update with apps hashcode UP_5_
2025-11-11T09:24:44.509+05:30 DEBUG 31660 --- [product-service] [DiscoveryClient-CacheRefreshExecutor-%d] com.netflix.discovery.DiscoveryClient    : The total number of instances fetched by the delta processor : 0
2025-11-11T09:24:44.510+05:30 DEBUG 31660 --- [product-service] [DiscoveryClient-CacheRefreshExecutor-%d] com.netflix.discovery.DiscoveryClient    : The total number of all instances in the client now is 5
2025-11-11T09:24:44.510+05:30 DEBUG 31660 --- [product-service] [DiscoveryClient-CacheRefreshExecutor-%d] com.netflix.discovery.DiscoveryClient    : Completed cache refresh task for discovery. All Apps hash code is Local region apps hashcode: UP_5_, is fetching remote regions? false 
2025-11-11T09:25:14.478+05:30 DEBUG 31660 --- [product-service] [DiscoveryClient-HeartbeatExecutor-%d] com.netflix.discovery.DiscoveryClient    : DiscoveryClient_PRODUCT-SERVICE/product-service:0e4f6ea2f3ed3aa85ae0ffd8a0ed2958 - Heartbeat status: 200
2025-11-11T09:25:14.541+05:30 DEBUG 31660 --- [product-service] [DiscoveryClient-CacheRefreshExecutor-%d] com.netflix.discovery.DiscoveryClient    : Got delta update with apps hashcode UP_5_
2025-11-11T09:25:14.541+05:30 DEBUG 31660 --- [product-service] [DiscoveryClient-CacheRefreshExecutor-%d] com.netflix.discovery.DiscoveryClient    : The total number of instances fetched by the delta processor : 0
2025-11-11T09:25:14.541+05:30 DEBUG 31660 --- [product-service] [DiscoveryClient-CacheRefreshExecutor-%d] com.netflix.discovery.DiscoveryClient    : The total number of all instances in the client now is 5
2025-11-11T09:25:14.542+05:30 DEBUG 31660 --- [product-service] [DiscoveryClient-CacheRefreshExecutor-%d] com.netflix.discovery.DiscoveryClient    : Completed cache refresh task for discovery. All Apps hash code is Local region apps hashcode: UP_5_, is fetching remote regions? false 
2025-11-11T09:25:44.505+05:30 DEBUG 31660 --- [product-service] [DiscoveryClient-HeartbeatExecutor-%d] com.netflix.discovery.DiscoveryClient    : DiscoveryClient_PRODUCT-SERVICE/product-service:0e4f6ea2f3ed3aa85ae0ffd8a0ed2958 - Heartbeat status: 200
2025-11-11T09:25:44.568+05:30 DEBUG 31660 --- [product-service] [DiscoveryClient-CacheRefreshExecutor-%d] com.netflix.discovery.DiscoveryClient    : Got delta update with apps hashcode UP_5_
2025-11-11T09:25:44.568+05:30 DEBUG 31660 --- [product-service] [DiscoveryClient-CacheRefreshExecutor-%d] com.netflix.discovery.DiscoveryClient    : The total number of instances fetched by the delta processor : 0
2025-11-11T09:25:44.568+05:30 DEBUG 31660 --- [product-service] [DiscoveryClient-CacheRefreshExecutor-%d] com.netflix.discovery.DiscoveryClient    : The total number of all instances in the client now is 5
2025-11-11T09:25:44.569+05:30 DEBUG 31660 --- [product-service] [DiscoveryClient-CacheRefreshExecutor-%d] com.netflix.discovery.DiscoveryClient    : Completed cache refresh task for discovery. All Apps hash code is Local region apps hashcode: UP_5_, is fetching remote regions? false 
2025-11-11T09:26:06.972+05:30  INFO 31660 --- [product-service] [AsyncResolver-bootstrap-executor-%d] c.n.d.s.r.aws.ConfigClusterResolver      : Resolving eureka endpoints via configuration
2025-11-11T09:26:06.972+05:30 DEBUG 31660 --- [product-service] [AsyncResolver-bootstrap-executor-%d] c.n.discovery.endpoint.EndpointUtils     : The availability zone for the given region us-east-1 are [defaultZone]
2025-11-11T09:26:06.973+05:30 DEBUG 31660 --- [product-service] [AsyncResolver-bootstrap-executor-%d] c.n.d.s.r.aws.ConfigClusterResolver      : Config resolved to [AwsEndpoint{ serviceUrl='http://localhost:8761/eureka/', region='us-east-1', zone='defaultZone'}]
2025-11-11T09:26:06.973+05:30 DEBUG 31660 --- [product-service] [AsyncResolver-bootstrap-executor-%d] c.n.d.s.r.a.ZoneAffinityClusterResolver  : Local zone=defaultZone; resolved to: [AwsEndpoint{ serviceUrl='http://localhost:8761/eureka/', region='us-east-1', zone='defaultZone'}]
2025-11-11T09:26:06.973+05:30 DEBUG 31660 --- [product-service] [AsyncResolver-bootstrap-executor-%d] c.n.d.shared.resolver.AsyncResolver      : Resolved to [AwsEndpoint{ serviceUrl='http://localhost:8761/eureka/', region='us-east-1', zone='defaultZone'}]
2025-11-11T09:26:14.530+05:30 DEBUG 31660 --- [product-service] [DiscoveryClient-HeartbeatExecutor-%d] com.netflix.discovery.DiscoveryClient    : DiscoveryClient_PRODUCT-SERVICE/product-service:0e4f6ea2f3ed3aa85ae0ffd8a0ed2958 - Heartbeat status: 200
2025-11-11T09:26:14.593+05:30 DEBUG 31660 --- [product-service] [DiscoveryClient-CacheRefreshExecutor-%d] com.netflix.discovery.DiscoveryClient    : Got delta update with apps hashcode UP_5_
2025-11-11T09:26:14.593+05:30 DEBUG 31660 --- [product-service] [DiscoveryClient-CacheRefreshExecutor-%d] com.netflix.discovery.DiscoveryClient    : The total number of instances fetched by the delta processor : 0
2025-11-11T09:26:14.594+05:30 DEBUG 31660 --- [product-service] [DiscoveryClient-CacheRefreshExecutor-%d] com.netflix.discovery.DiscoveryClient    : The total number of all instances in the client now is 5
2025-11-11T09:26:14.594+05:30 DEBUG 31660 --- [product-service] [DiscoveryClient-CacheRefreshExecutor-%d] com.netflix.discovery.DiscoveryClient    : Completed cache refresh task for discovery. All Apps hash code is Local region apps hashcode: UP_5_, is fetching remote regions? false 
2025-11-11T09:26:44.551+05:30 DEBUG 31660 --- [product-service] [DiscoveryClient-HeartbeatExecutor-%d] com.netflix.discovery.DiscoveryClient    : DiscoveryClient_PRODUCT-SERVICE/product-service:0e4f6ea2f3ed3aa85ae0ffd8a0ed2958 - Heartbeat status: 200
2025-11-11T09:26:44.615+05:30 DEBUG 31660 --- [product-service] [DiscoveryClient-CacheRefreshExecutor-%d] com.netflix.discovery.DiscoveryClient    : Got delta update with apps hashcode UP_5_
2025-11-11T09:26:44.615+05:30 DEBUG 31660 --- [product-service] [DiscoveryClient-CacheRefreshExecutor-%d] com.netflix.discovery.DiscoveryClient    : The total number of instances fetched by the delta processor : 0
2025-11-11T09:26:44.615+05:30 DEBUG 31660 --- [product-service] [DiscoveryClient-CacheRefreshExecutor-%d] com.netflix.discovery.DiscoveryClient    : The total number of all instances in the client now is 5
2025-11-11T09:26:44.616+05:30 DEBUG 31660 --- [product-service] [DiscoveryClient-CacheRefreshExecutor-%d] com.netflix.discovery.DiscoveryClient    : Completed cache refresh task for discovery. All Apps hash code is Local region apps hashcode: UP_5_, is fetching remote regions? false 
2025-11-11T09:27:14.590+05:30 DEBUG 31660 --- [product-service] [DiscoveryClient-HeartbeatExecutor-%d] com.netflix.discovery.DiscoveryClient    : DiscoveryClient_PRODUCT-SERVICE/product-service:0e4f6ea2f3ed3aa85ae0ffd8a0ed2958 - Heartbeat status: 200
2025-11-11T09:27:14.647+05:30 DEBUG 31660 --- [product-service] [DiscoveryClient-CacheRefreshExecutor-%d] com.netflix.discovery.DiscoveryClient    : Got delta update with apps hashcode UP_5_
2025-11-11T09:27:14.647+05:30 DEBUG 31660 --- [product-service] [DiscoveryClient-CacheRefreshExecutor-%d] com.netflix.discovery.DiscoveryClient    : The total number of instances fetched by the delta processor : 0
2025-11-11T09:27:14.648+05:30 DEBUG 31660 --- [product-service] [DiscoveryClient-CacheRefreshExecutor-%d] com.netflix.discovery.DiscoveryClient    : The total number of all instances in the client now is 5
2025-11-11T09:27:14.648+05:30 DEBUG 31660 --- [product-service] [DiscoveryClient-CacheRefreshExecutor-%d] com.netflix.discovery.DiscoveryClient    : Completed cache refresh task for discovery. All Apps hash code is Local region apps hashcode: UP_5_, is fetching remote regions? false 
2025-11-11T09:27:44.618+05:30 DEBUG 31660 --- [product-service] [DiscoveryClient-HeartbeatExecutor-%d] com.netflix.discovery.DiscoveryClient    : DiscoveryClient_PRODUCT-SERVICE/product-service:0e4f6ea2f3ed3aa85ae0ffd8a0ed2958 - Heartbeat status: 200
2025-11-11T09:27:44.679+05:30 DEBUG 31660 --- [product-service] [DiscoveryClient-CacheRefreshExecutor-%d] com.netflix.discovery.DiscoveryClient    : Got delta update with apps hashcode UP_5_
2025-11-11T09:27:44.679+05:30 DEBUG 31660 --- [product-service] [DiscoveryClient-CacheRefreshExecutor-%d] com.netflix.discovery.DiscoveryClient    : The total number of instances fetched by the delta processor : 0
2025-11-11T09:27:44.680+05:30 DEBUG 31660 --- [product-service] [DiscoveryClient-CacheRefreshExecutor-%d] com.netflix.discovery.DiscoveryClient    : The total number of all instances in the client now is 5
2025-11-11T09:27:44.680+05:30 DEBUG 31660 --- [product-service] [DiscoveryClient-CacheRefreshExecutor-%d] com.netflix.discovery.DiscoveryClient    : Completed cache refresh task for discovery. All Apps hash code is Local region apps hashcode: UP_5_, is fetching remote regions? false 
2025-11-11T09:28:14.652+05:30 DEBUG 31660 --- [product-service] [DiscoveryClient-HeartbeatExecutor-%d] com.netflix.discovery.DiscoveryClient    : DiscoveryClient_PRODUCT-SERVICE/product-service:0e4f6ea2f3ed3aa85ae0ffd8a0ed2958 - Heartbeat status: 200
2025-11-11T09:28:14.699+05:30 DEBUG 31660 --- [product-service] [DiscoveryClient-CacheRefreshExecutor-%d] com.netflix.discovery.DiscoveryClient    : Got delta update with apps hashcode UP_5_
2025-11-11T09:28:14.699+05:30 DEBUG 31660 --- [product-service] [DiscoveryClient-CacheRefreshExecutor-%d] com.netflix.discovery.DiscoveryClient    : The total number of instances fetched by the delta processor : 0
2025-11-11T09:28:14.699+05:30 DEBUG 31660 --- [product-service] [DiscoveryClient-CacheRefreshExecutor-%d] com.netflix.discovery.DiscoveryClient    : The total number of all instances in the client now is 5
2025-11-11T09:28:14.700+05:30 DEBUG 31660 --- [product-service] [DiscoveryClient-CacheRefreshExecutor-%d] com.netflix.discovery.DiscoveryClient    : Completed cache refresh task for discovery. All Apps hash code is Local region apps hashcode: UP_5_, is fetching remote regions? false 
2025-11-11T09:28:44.686+05:30 DEBUG 31660 --- [product-service] [DiscoveryClient-HeartbeatExecutor-%d] com.netflix.discovery.DiscoveryClient    : DiscoveryClient_PRODUCT-SERVICE/product-service:0e4f6ea2f3ed3aa85ae0ffd8a0ed2958 - Heartbeat status: 200
2025-11-11T09:28:44.732+05:30 DEBUG 31660 --- [product-service] [DiscoveryClient-CacheRefreshExecutor-%d] com.netflix.discovery.DiscoveryClient    : Got delta update with apps hashcode UP_5_
2025-11-11T09:28:44.732+05:30 DEBUG 31660 --- [product-service] [DiscoveryClient-CacheRefreshExecutor-%d] com.netflix.discovery.DiscoveryClient    : The total number of instances fetched by the delta processor : 0
2025-11-11T09:28:44.732+05:30 DEBUG 31660 --- [product-service] [DiscoveryClient-CacheRefreshExecutor-%d] com.netflix.discovery.DiscoveryClient    : The total number of all instances in the client now is 5
2025-11-11T09:28:44.732+05:30 DEBUG 31660 --- [product-service] [DiscoveryClient-CacheRefreshExecutor-%d] com.netflix.discovery.DiscoveryClient    : Completed cache refresh task for discovery. All Apps hash code is Local region apps hashcode: UP_5_, is fetching remote regions? false 
2025-11-11T09:29:14.707+05:30 DEBUG 31660 --- [product-service] [DiscoveryClient-HeartbeatExecutor-%d] com.netflix.discovery.DiscoveryClient    : DiscoveryClient_PRODUCT-SERVICE/product-service:0e4f6ea2f3ed3aa85ae0ffd8a0ed2958 - Heartbeat status: 200
2025-11-11T09:29:14.755+05:30 DEBUG 31660 --- [product-service] [DiscoveryClient-CacheRefreshExecutor-%d] com.netflix.discovery.DiscoveryClient    : Got delta update with apps hashcode UP_5_
2025-11-11T09:29:14.755+05:30 DEBUG 31660 --- [product-service] [DiscoveryClient-CacheRefreshExecutor-%d] com.netflix.discovery.DiscoveryClient    : The total number of instances fetched by the delta processor : 0
2025-11-11T09:29:14.756+05:30 DEBUG 31660 --- [product-service] [DiscoveryClient-CacheRefreshExecutor-%d] com.netflix.discovery.DiscoveryClient    : The total number of all instances in the client now is 5
2025-11-11T09:29:14.756+05:30 DEBUG 31660 --- [product-service] [DiscoveryClient-CacheRefreshExecutor-%d] com.netflix.discovery.DiscoveryClient    : Completed cache refresh task for discovery. All Apps hash code is Local region apps hashcode: UP_5_, is fetching remote regions? false 
2025-11-11T09:29:44.732+05:30 DEBUG 31660 --- [product-service] [DiscoveryClient-HeartbeatExecutor-%d] com.netflix.discovery.DiscoveryClient    : DiscoveryClient_PRODUCT-SERVICE/product-service:0e4f6ea2f3ed3aa85ae0ffd8a0ed2958 - Heartbeat status: 200
2025-11-11T09:29:44.780+05:30 DEBUG 31660 --- [product-service] [DiscoveryClient-CacheRefreshExecutor-%d] com.netflix.discovery.DiscoveryClient    : Got delta update with apps hashcode UP_5_
2025-11-11T09:29:44.780+05:30 DEBUG 31660 --- [product-service] [DiscoveryClient-CacheRefreshExecutor-%d] com.netflix.discovery.DiscoveryClient    : The total number of instances fetched by the delta processor : 0
2025-11-11T09:29:44.781+05:30 DEBUG 31660 --- [product-service] [DiscoveryClient-CacheRefreshExecutor-%d] com.netflix.discovery.DiscoveryClient    : The total number of all instances in the client now is 5
2025-11-11T09:29:44.782+05:30 DEBUG 31660 --- [product-service] [DiscoveryClient-CacheRefreshExecutor-%d] com.netflix.discovery.DiscoveryClient    : Completed cache refresh task for discovery. All Apps hash code is Local region apps hashcode: UP_5_, is fetching remote regions? false 
2025-11-11T09:30:14.764+05:30 DEBUG 31660 --- [product-service] [DiscoveryClient-HeartbeatExecutor-%d] com.netflix.discovery.DiscoveryClient    : DiscoveryClient_PRODUCT-SERVICE/product-service:0e4f6ea2f3ed3aa85ae0ffd8a0ed2958 - Heartbeat status: 200
2025-11-11T09:30:14.812+05:30 DEBUG 31660 --- [product-service] [DiscoveryClient-CacheRefreshExecutor-%d] com.netflix.discovery.DiscoveryClient    : Got delta update with apps hashcode UP_5_
2025-11-11T09:30:14.812+05:30 DEBUG 31660 --- [product-service] [DiscoveryClient-CacheRefreshExecutor-%d] com.netflix.discovery.DiscoveryClient    : The total number of instances fetched by the delta processor : 0
2025-11-11T09:30:14.813+05:30 DEBUG 31660 --- [product-service] [DiscoveryClient-CacheRefreshExecutor-%d] com.netflix.discovery.DiscoveryClient    : The total number of all instances in the client now is 5
2025-11-11T09:30:14.813+05:30 DEBUG 31660 --- [product-service] [DiscoveryClient-CacheRefreshExecutor-%d] com.netflix.discovery.DiscoveryClient    : Completed cache refresh task for discovery. All Apps hash code is Local region apps hashcode: UP_5_, is fetching remote regions? false 
2025-11-11T09:30:44.794+05:30 DEBUG 31660 --- [product-service] [DiscoveryClient-HeartbeatExecutor-%d] com.netflix.discovery.DiscoveryClient    : DiscoveryClient_PRODUCT-SERVICE/product-service:0e4f6ea2f3ed3aa85ae0ffd8a0ed2958 - Heartbeat status: 200
2025-11-11T09:30:44.840+05:30 DEBUG 31660 --- [product-service] [DiscoveryClient-CacheRefreshExecutor-%d] com.netflix.discovery.DiscoveryClient    : Got delta update with apps hashcode UP_5_
2025-11-11T09:30:44.840+05:30 DEBUG 31660 --- [product-service] [DiscoveryClient-CacheRefreshExecutor-%d] com.netflix.discovery.DiscoveryClient    : The total number of instances fetched by the delta processor : 0
2025-11-11T09:30:44.840+05:30 DEBUG 31660 --- [product-service] [DiscoveryClient-CacheRefreshExecutor-%d] com.netflix.discovery.DiscoveryClient    : The total number of all instances in the client now is 5
2025-11-11T09:30:44.840+05:30 DEBUG 31660 --- [product-service] [DiscoveryClient-CacheRefreshExecutor-%d] com.netflix.discovery.DiscoveryClient    : Completed cache refresh task for discovery. All Apps hash code is Local region apps hashcode: UP_5_, is fetching remote regions? false 
2025-11-11T09:32:37.985+05:30  WARN 31660 --- [product-service] [HikariPool-1:housekeeper] com.zaxxer.hikari.pool.HikariPool        : HikariPool-1 - Thread starvation or clock leap detected (housekeeper delta=2m2s268ms638µs100ns).
2025-11-11T09:32:39.254+05:30  INFO 31660 --- [product-service] [AsyncResolver-bootstrap-executor-%d] c.n.d.s.r.aws.ConfigClusterResolver      : Resolving eureka endpoints via configuration
2025-11-11T09:32:39.254+05:30 DEBUG 31660 --- [product-service] [AsyncResolver-bootstrap-executor-%d] c.n.discovery.endpoint.EndpointUtils     : The availability zone for the given region us-east-1 are [defaultZone]
2025-11-11T09:32:39.254+05:30 DEBUG 31660 --- [product-service] [AsyncResolver-bootstrap-executor-%d] c.n.d.s.r.aws.ConfigClusterResolver      : Config resolved to [AwsEndpoint{ serviceUrl='http://localhost:8761/eureka/', region='us-east-1', zone='defaultZone'}]
2025-11-11T09:32:39.255+05:30 DEBUG 31660 --- [product-service] [AsyncResolver-bootstrap-executor-%d] c.n.d.s.r.a.ZoneAffinityClusterResolver  : Local zone=defaultZone; resolved to: [AwsEndpoint{ serviceUrl='http://localhost:8761/eureka/', region='us-east-1', zone='defaultZone'}]
2025-11-11T09:32:39.255+05:30 DEBUG 31660 --- [product-service] [AsyncResolver-bootstrap-executor-%d] c.n.d.shared.resolver.AsyncResolver      : Resolved to [AwsEndpoint{ serviceUrl='http://localhost:8761/eureka/', region='us-east-1', zone='defaultZone'}]
2025-11-11T09:32:47.064+05:30 DEBUG 31660 --- [product-service] [DiscoveryClient-CacheRefreshExecutor-%d] c.n.d.s.t.d.SessionedEurekaHttpClient    : Ending a session and starting anew
2025-11-11T09:32:47.074+05:30 DEBUG 31660 --- [product-service] [DiscoveryClient-HeartbeatExecutor-%d] com.netflix.discovery.DiscoveryClient    : DiscoveryClient_PRODUCT-SERVICE/product-service:0e4f6ea2f3ed3aa85ae0ffd8a0ed2958 - Heartbeat status: 200
2025-11-11T09:32:47.099+05:30 DEBUG 31660 --- [product-service] [DiscoveryClient-CacheRefreshExecutor-%d] c.n.d.s.t.d.RedirectingEurekaHttpClient  : Pinning to endpoint null
2025-11-11T09:32:47.099+05:30 DEBUG 31660 --- [product-service] [DiscoveryClient-CacheRefreshExecutor-%d] com.netflix.discovery.DiscoveryClient    : Got delta update with apps hashcode UP_5_
2025-11-11T09:32:47.099+05:30 DEBUG 31660 --- [product-service] [DiscoveryClient-CacheRefreshExecutor-%d] com.netflix.discovery.DiscoveryClient    : The total number of instances fetched by the delta processor : 0
2025-11-11T09:32:47.099+05:30 DEBUG 31660 --- [product-service] [DiscoveryClient-CacheRefreshExecutor-%d] com.netflix.discovery.DiscoveryClient    : The total number of all instances in the client now is 5
2025-11-11T09:32:47.100+05:30 DEBUG 31660 --- [product-service] [DiscoveryClient-CacheRefreshExecutor-%d] com.netflix.discovery.DiscoveryClient    : Completed cache refresh task for discovery. All Apps hash code is Local region apps hashcode: UP_5_, is fetching remote regions? false 
2025-11-11T09:33:17.104+05:30 DEBUG 31660 --- [product-service] [DiscoveryClient-HeartbeatExecutor-%d] com.netflix.discovery.DiscoveryClient    : DiscoveryClient_PRODUCT-SERVICE/product-service:0e4f6ea2f3ed3aa85ae0ffd8a0ed2958 - Heartbeat status: 200
2025-11-11T09:33:17.120+05:30 DEBUG 31660 --- [product-service] [DiscoveryClient-CacheRefreshExecutor-%d] com.netflix.discovery.DiscoveryClient    : Got delta update with apps hashcode UP_5_
2025-11-11T09:33:17.120+05:30 DEBUG 31660 --- [product-service] [DiscoveryClient-CacheRefreshExecutor-%d] com.netflix.discovery.DiscoveryClient    : The total number of instances fetched by the delta processor : 0
2025-11-11T09:33:17.121+05:30 DEBUG 31660 --- [product-service] [DiscoveryClient-CacheRefreshExecutor-%d] com.netflix.discovery.DiscoveryClient    : The total number of all instances in the client now is 5
2025-11-11T09:33:17.121+05:30 DEBUG 31660 --- [product-service] [DiscoveryClient-CacheRefreshExecutor-%d] com.netflix.discovery.DiscoveryClient    : Completed cache refresh task for discovery. All Apps hash code is Local region apps hashcode: UP_5_, is fetching remote regions? false 
2025-11-11T09:33:47.135+05:30 DEBUG 31660 --- [product-service] [DiscoveryClient-HeartbeatExecutor-%d] com.netflix.discovery.DiscoveryClient    : DiscoveryClient_PRODUCT-SERVICE/product-service:0e4f6ea2f3ed3aa85ae0ffd8a0ed2958 - Heartbeat status: 200
2025-11-11T09:33:47.152+05:30 DEBUG 31660 --- [product-service] [DiscoveryClient-CacheRefreshExecutor-%d] com.netflix.discovery.DiscoveryClient    : Got delta update with apps hashcode UP_5_
2025-11-11T09:33:47.152+05:30 DEBUG 31660 --- [product-service] [DiscoveryClient-CacheRefreshExecutor-%d] com.netflix.discovery.DiscoveryClient    : The total number of instances fetched by the delta processor : 0
2025-11-11T09:33:47.152+05:30 DEBUG 31660 --- [product-service] [DiscoveryClient-CacheRefreshExecutor-%d] com.netflix.discovery.DiscoveryClient    : The total number of all instances in the client now is 5
2025-11-11T09:33:47.152+05:30 DEBUG 31660 --- [product-service] [DiscoveryClient-CacheRefreshExecutor-%d] com.netflix.discovery.DiscoveryClient    : Completed cache refresh task for discovery. All Apps hash code is Local region apps hashcode: UP_5_, is fetching remote regions? false 
2025-11-11T09:34:17.190+05:30 DEBUG 31660 --- [product-service] [DiscoveryClient-HeartbeatExecutor-%d] com.netflix.discovery.DiscoveryClient    : DiscoveryClient_PRODUCT-SERVICE/product-service:0e4f6ea2f3ed3aa85ae0ffd8a0ed2958 - Heartbeat status: 200
2025-11-11T09:34:17.191+05:30 DEBUG 31660 --- [product-service] [DiscoveryClient-CacheRefreshExecutor-%d] com.netflix.discovery.DiscoveryClient    : Got delta update with apps hashcode UP_5_
2025-11-11T09:34:17.192+05:30 DEBUG 31660 --- [product-service] [DiscoveryClient-CacheRefreshExecutor-%d] com.netflix.discovery.DiscoveryClient    : The total number of instances fetched by the delta processor : 0
2025-11-11T09:34:17.193+05:30 DEBUG 31660 --- [product-service] [DiscoveryClient-CacheRefreshExecutor-%d] com.netflix.discovery.DiscoveryClient    : The total number of all instances in the client now is 5
2025-11-11T09:34:17.193+05:30 DEBUG 31660 --- [product-service] [DiscoveryClient-CacheRefreshExecutor-%d] com.netflix.discovery.DiscoveryClient    : Completed cache refresh task for discovery. All Apps hash code is Local region apps hashcode: UP_5_, is fetching remote regions? false 
2025-11-11T09:34:47.217+05:30 DEBUG 31660 --- [product-service] [DiscoveryClient-HeartbeatExecutor-%d] com.netflix.discovery.DiscoveryClient    : DiscoveryClient_PRODUCT-SERVICE/product-service:0e4f6ea2f3ed3aa85ae0ffd8a0ed2958 - Heartbeat status: 200
2025-11-11T09:34:47.218+05:30 DEBUG 31660 --- [product-service] [DiscoveryClient-CacheRefreshExecutor-%d] com.netflix.discovery.DiscoveryClient    : Got delta update with apps hashcode UP_5_
2025-11-11T09:34:47.218+05:30 DEBUG 31660 --- [product-service] [DiscoveryClient-CacheRefreshExecutor-%d] com.netflix.discovery.DiscoveryClient    : The total number of instances fetched by the delta processor : 0
2025-11-11T09:34:47.218+05:30 DEBUG 31660 --- [product-service] [DiscoveryClient-CacheRefreshExecutor-%d] com.netflix.discovery.DiscoveryClient    : The total number of all instances in the client now is 5
2025-11-11T09:34:47.218+05:30 DEBUG 31660 --- [product-service] [DiscoveryClient-CacheRefreshExecutor-%d] com.netflix.discovery.DiscoveryClient    : Completed cache refresh task for discovery. All Apps hash code is Local region apps hashcode: UP_5_, is fetching remote regions? false 
2025-11-11T09:35:17.237+05:30 DEBUG 31660 --- [product-service] [DiscoveryClient-HeartbeatExecutor-%d] com.netflix.discovery.DiscoveryClient    : DiscoveryClient_PRODUCT-SERVICE/product-service:0e4f6ea2f3ed3aa85ae0ffd8a0ed2958 - Heartbeat status: 200
2025-11-11T09:35:17.237+05:30 DEBUG 31660 --- [product-service] [DiscoveryClient-CacheRefreshExecutor-%d] com.netflix.discovery.DiscoveryClient    : Got delta update with apps hashcode UP_5_
2025-11-11T09:35:17.238+05:30 DEBUG 31660 --- [product-service] [DiscoveryClient-CacheRefreshExecutor-%d] com.netflix.discovery.DiscoveryClient    : The total number of instances fetched by the delta processor : 0
2025-11-11T09:35:17.238+05:30 DEBUG 31660 --- [product-service] [DiscoveryClient-CacheRefreshExecutor-%d] com.netflix.discovery.DiscoveryClient    : The total number of all instances in the client now is 5
2025-11-11T09:35:17.238+05:30 DEBUG 31660 --- [product-service] [DiscoveryClient-CacheRefreshExecutor-%d] com.netflix.discovery.DiscoveryClient    : Completed cache refresh task for discovery. All Apps hash code is Local region apps hashcode: UP_5_, is fetching remote regions? false 
2025-11-11T09:35:47.268+05:30 DEBUG 31660 --- [product-service] [DiscoveryClient-HeartbeatExecutor-%d] com.netflix.discovery.DiscoveryClient    : DiscoveryClient_PRODUCT-SERVICE/product-service:0e4f6ea2f3ed3aa85ae0ffd8a0ed2958 - Heartbeat status: 200
2025-11-11T09:35:47.269+05:30 DEBUG 31660 --- [product-service] [DiscoveryClient-CacheRefreshExecutor-%d] com.netflix.discovery.DiscoveryClient    : Got delta update with apps hashcode UP_5_
2025-11-11T09:35:47.269+05:30 DEBUG 31660 --- [product-service] [DiscoveryClient-CacheRefreshExecutor-%d] com.netflix.discovery.DiscoveryClient    : The total number of instances fetched by the delta processor : 0
2025-11-11T09:35:47.270+05:30 DEBUG 31660 --- [product-service] [DiscoveryClient-CacheRefreshExecutor-%d] com.netflix.discovery.DiscoveryClient    : The total number of all instances in the client now is 5
2025-11-11T09:35:47.270+05:30 DEBUG 31660 --- [product-service] [DiscoveryClient-CacheRefreshExecutor-%d] com.netflix.discovery.DiscoveryClient    : Completed cache refresh task for discovery. All Apps hash code is Local region apps hashcode: UP_5_, is fetching remote regions? false 
2025-11-11T09:36:17.294+05:30 DEBUG 31660 --- [product-service] [DiscoveryClient-HeartbeatExecutor-%d] com.netflix.discovery.DiscoveryClient    : DiscoveryClient_PRODUCT-SERVICE/product-service:0e4f6ea2f3ed3aa85ae0ffd8a0ed2958 - Heartbeat status: 200
2025-11-11T09:36:17.294+05:30 DEBUG 31660 --- [product-service] [DiscoveryClient-CacheRefreshExecutor-%d] com.netflix.discovery.DiscoveryClient    : Got delta update with apps hashcode UP_5_
2025-11-11T09:36:17.294+05:30 DEBUG 31660 --- [product-service] [DiscoveryClient-CacheRefreshExecutor-%d] com.netflix.discovery.DiscoveryClient    : The total number of instances fetched by the delta processor : 0
2025-11-11T09:36:17.295+05:30 DEBUG 31660 --- [product-service] [DiscoveryClient-CacheRefreshExecutor-%d] com.netflix.discovery.DiscoveryClient    : The total number of all instances in the client now is 5
2025-11-11T09:36:17.295+05:30 DEBUG 31660 --- [product-service] [DiscoveryClient-CacheRefreshExecutor-%d] com.netflix.discovery.DiscoveryClient    : Completed cache refresh task for discovery. All Apps hash code is Local region apps hashcode: UP_5_, is fetching remote regions? false 
2025-11-11T09:36:47.320+05:30 DEBUG 31660 --- [product-service] [DiscoveryClient-HeartbeatExecutor-%d] com.netflix.discovery.DiscoveryClient    : DiscoveryClient_PRODUCT-SERVICE/product-service:0e4f6ea2f3ed3aa85ae0ffd8a0ed2958 - Heartbeat status: 200
2025-11-11T09:36:47.320+05:30 DEBUG 31660 --- [product-service] [DiscoveryClient-CacheRefreshExecutor-%d] com.netflix.discovery.DiscoveryClient    : Got delta update with apps hashcode UP_5_
2025-11-11T09:36:47.320+05:30 DEBUG 31660 --- [product-service] [DiscoveryClient-CacheRefreshExecutor-%d] com.netflix.discovery.DiscoveryClient    : The total number of instances fetched by the delta processor : 0
2025-11-11T09:36:47.320+05:30 DEBUG 31660 --- [product-service] [DiscoveryClient-CacheRefreshExecutor-%d] com.netflix.discovery.DiscoveryClient    : The total number of all instances in the client now is 5
2025-11-11T09:36:47.321+05:30 DEBUG 31660 --- [product-service] [DiscoveryClient-CacheRefreshExecutor-%d] com.netflix.discovery.DiscoveryClient    : Completed cache refresh task for discovery. All Apps hash code is Local region apps hashcode: UP_5_, is fetching remote regions? false 
2025-11-11T09:37:17.345+05:30 DEBUG 31660 --- [product-service] [DiscoveryClient-HeartbeatExecutor-%d] com.netflix.discovery.DiscoveryClient    : DiscoveryClient_PRODUCT-SERVICE/product-service:0e4f6ea2f3ed3aa85ae0ffd8a0ed2958 - Heartbeat status: 200
2025-11-11T09:37:17.345+05:30 DEBUG 31660 --- [product-service] [DiscoveryClient-CacheRefreshExecutor-%d] com.netflix.discovery.DiscoveryClient    : Got delta update with apps hashcode UP_5_
2025-11-11T09:37:17.345+05:30 DEBUG 31660 --- [product-service] [DiscoveryClient-CacheRefreshExecutor-%d] com.netflix.discovery.DiscoveryClient    : The total number of instances fetched by the delta processor : 0
2025-11-11T09:37:17.345+05:30 DEBUG 31660 --- [product-service] [DiscoveryClient-CacheRefreshExecutor-%d] com.netflix.discovery.DiscoveryClient    : The total number of all instances in the client now is 5
2025-11-11T09:37:17.345+05:30 DEBUG 31660 --- [product-service] [DiscoveryClient-CacheRefreshExecutor-%d] com.netflix.discovery.DiscoveryClient    : Completed cache refresh task for discovery. All Apps hash code is Local region apps hashcode: UP_5_, is fetching remote regions? false 
2025-11-11T09:37:39.268+05:30  INFO 31660 --- [product-service] [AsyncResolver-bootstrap-executor-%d] c.n.d.s.r.aws.ConfigClusterResolver      : Resolving eureka endpoints via configuration
2025-11-11T09:37:39.269+05:30 DEBUG 31660 --- [product-service] [AsyncResolver-bootstrap-executor-%d] c.n.discovery.endpoint.EndpointUtils     : The availability zone for the given region us-east-1 are [defaultZone]
2025-11-11T09:37:39.269+05:30 DEBUG 31660 --- [product-service] [AsyncResolver-bootstrap-executor-%d] c.n.d.s.r.aws.ConfigClusterResolver      : Config resolved to [AwsEndpoint{ serviceUrl='http://localhost:8761/eureka/', region='us-east-1', zone='defaultZone'}]
2025-11-11T09:37:39.270+05:30 DEBUG 31660 --- [product-service] [AsyncResolver-bootstrap-executor-%d] c.n.d.s.r.a.ZoneAffinityClusterResolver  : Local zone=defaultZone; resolved to: [AwsEndpoint{ serviceUrl='http://localhost:8761/eureka/', region='us-east-1', zone='defaultZone'}]
2025-11-11T09:37:39.270+05:30 DEBUG 31660 --- [product-service] [AsyncResolver-bootstrap-executor-%d] c.n.d.shared.resolver.AsyncResolver      : Resolved to [AwsEndpoint{ serviceUrl='http://localhost:8761/eureka/', region='us-east-1', zone='defaultZone'}]
2025-11-11T09:37:47.347+05:30 DEBUG 31660 --- [product-service] [DiscoveryClient-HeartbeatExecutor-%d] c.n.d.s.t.d.SessionedEurekaHttpClient    : Ending a session and starting anew
2025-11-11T09:37:47.352+05:30 DEBUG 31660 --- [product-service] [DiscoveryClient-CacheRefreshExecutor-%d] com.netflix.discovery.DiscoveryClient    : Got delta update with apps hashcode UP_5_
2025-11-11T09:37:47.352+05:30 DEBUG 31660 --- [product-service] [DiscoveryClient-CacheRefreshExecutor-%d] com.netflix.discovery.DiscoveryClient    : The total number of instances fetched by the delta processor : 0
2025-11-11T09:37:47.353+05:30 DEBUG 31660 --- [product-service] [DiscoveryClient-CacheRefreshExecutor-%d] com.netflix.discovery.DiscoveryClient    : The total number of all instances in the client now is 5
2025-11-11T09:37:47.353+05:30 DEBUG 31660 --- [product-service] [DiscoveryClient-CacheRefreshExecutor-%d] com.netflix.discovery.DiscoveryClient    : Completed cache refresh task for discovery. All Apps hash code is Local region apps hashcode: UP_5_, is fetching remote regions? false 
2025-11-11T09:37:47.379+05:30 DEBUG 31660 --- [product-service] [DiscoveryClient-HeartbeatExecutor-%d] c.n.d.s.t.d.RedirectingEurekaHttpClient  : Pinning to endpoint null
2025-11-11T09:37:47.379+05:30 DEBUG 31660 --- [product-service] [DiscoveryClient-HeartbeatExecutor-%d] com.netflix.discovery.DiscoveryClient    : DiscoveryClient_PRODUCT-SERVICE/product-service:0e4f6ea2f3ed3aa85ae0ffd8a0ed2958 - Heartbeat status: 200
2025-11-11T09:38:17.376+05:30 DEBUG 31660 --- [product-service] [DiscoveryClient-CacheRefreshExecutor-%d] com.netflix.discovery.DiscoveryClient    : Got delta update with apps hashcode UP_5_
2025-11-11T09:38:17.376+05:30 DEBUG 31660 --- [product-service] [DiscoveryClient-CacheRefreshExecutor-%d] com.netflix.discovery.DiscoveryClient    : The total number of instances fetched by the delta processor : 0
2025-11-11T09:38:17.376+05:30 DEBUG 31660 --- [product-service] [DiscoveryClient-CacheRefreshExecutor-%d] com.netflix.discovery.DiscoveryClient    : The total number of all instances in the client now is 5
2025-11-11T09:38:17.376+05:30 DEBUG 31660 --- [product-service] [DiscoveryClient-CacheRefreshExecutor-%d] com.netflix.discovery.DiscoveryClient    : Completed cache refresh task for discovery. All Apps hash code is Local region apps hashcode: UP_5_, is fetching remote regions? false 
2025-11-11T09:38:17.406+05:30 DEBUG 31660 --- [product-service] [DiscoveryClient-HeartbeatExecutor-%d] com.netflix.discovery.DiscoveryClient    : DiscoveryClient_PRODUCT-SERVICE/product-service:0e4f6ea2f3ed3aa85ae0ffd8a0ed2958 - Heartbeat status: 200
2025-11-11T09:38:47.385+05:30 DEBUG 31660 --- [product-service] [DiscoveryClient-CacheRefreshExecutor-%d] com.netflix.discovery.DiscoveryClient    : Got delta update with apps hashcode UP_5_
2025-11-11T09:38:47.385+05:30 DEBUG 31660 --- [product-service] [DiscoveryClient-CacheRefreshExecutor-%d] com.netflix.discovery.DiscoveryClient    : The total number of instances fetched by the delta processor : 0
2025-11-11T09:38:47.385+05:30 DEBUG 31660 --- [product-service] [DiscoveryClient-CacheRefreshExecutor-%d] com.netflix.discovery.DiscoveryClient    : The total number of all instances in the client now is 5
2025-11-11T09:38:47.385+05:30 DEBUG 31660 --- [product-service] [DiscoveryClient-CacheRefreshExecutor-%d] com.netflix.discovery.DiscoveryClient    : Completed cache refresh task for discovery. All Apps hash code is Local region apps hashcode: UP_5_, is fetching remote regions? false 
2025-11-11T09:38:47.412+05:30 DEBUG 31660 --- [product-service] [DiscoveryClient-HeartbeatExecutor-%d] com.netflix.discovery.DiscoveryClient    : DiscoveryClient_PRODUCT-SERVICE/product-service:0e4f6ea2f3ed3aa85ae0ffd8a0ed2958 - Heartbeat status: 200
2025-11-11T09:39:17.398+05:30 DEBUG 31660 --- [product-service] [DiscoveryClient-CacheRefreshExecutor-%d] com.netflix.discovery.DiscoveryClient    : Got delta update with apps hashcode UP_5_
2025-11-11T09:39:17.398+05:30 DEBUG 31660 --- [product-service] [DiscoveryClient-CacheRefreshExecutor-%d] com.netflix.discovery.DiscoveryClient    : The total number of instances fetched by the delta processor : 0
2025-11-11T09:39:17.398+05:30 DEBUG 31660 --- [product-service] [DiscoveryClient-CacheRefreshExecutor-%d] com.netflix.discovery.DiscoveryClient    : The total number of all instances in the client now is 5
2025-11-11T09:39:17.399+05:30 DEBUG 31660 --- [product-service] [DiscoveryClient-CacheRefreshExecutor-%d] com.netflix.discovery.DiscoveryClient    : Completed cache refresh task for discovery. All Apps hash code is Local region apps hashcode: UP_5_, is fetching remote regions? false 
2025-11-11T09:39:17.443+05:30 DEBUG 31660 --- [product-service] [DiscoveryClient-HeartbeatExecutor-%d] com.netflix.discovery.DiscoveryClient    : DiscoveryClient_PRODUCT-SERVICE/product-service:0e4f6ea2f3ed3aa85ae0ffd8a0ed2958 - Heartbeat status: 200
2025-11-11T09:39:47.427+05:30 DEBUG 31660 --- [product-service] [DiscoveryClient-CacheRefreshExecutor-%d] com.netflix.discovery.DiscoveryClient    : Got delta update with apps hashcode UP_5_
2025-11-11T09:39:47.429+05:30 DEBUG 31660 --- [product-service] [DiscoveryClient-CacheRefreshExecutor-%d] com.netflix.discovery.DiscoveryClient    : The total number of instances fetched by the delta processor : 0
2025-11-11T09:39:47.429+05:30 DEBUG 31660 --- [product-service] [DiscoveryClient-CacheRefreshExecutor-%d] com.netflix.discovery.DiscoveryClient    : The total number of all instances in the client now is 5
2025-11-11T09:39:47.429+05:30 DEBUG 31660 --- [product-service] [DiscoveryClient-CacheRefreshExecutor-%d] com.netflix.discovery.DiscoveryClient    : Completed cache refresh task for discovery. All Apps hash code is Local region apps hashcode: UP_5_, is fetching remote regions? false 
2025-11-11T09:39:47.473+05:30 DEBUG 31660 --- [product-service] [DiscoveryClient-HeartbeatExecutor-%d] com.netflix.discovery.DiscoveryClient    : DiscoveryClient_PRODUCT-SERVICE/product-service:0e4f6ea2f3ed3aa85ae0ffd8a0ed2958 - Heartbeat status: 200
2025-11-11T09:40:17.463+05:30 DEBUG 31660 --- [product-service] [DiscoveryClient-CacheRefreshExecutor-%d] com.netflix.discovery.DiscoveryClient    : Got delta update with apps hashcode UP_5_
2025-11-11T09:40:17.463+05:30 DEBUG 31660 --- [product-service] [DiscoveryClient-CacheRefreshExecutor-%d] com.netflix.discovery.DiscoveryClient    : The total number of instances fetched by the delta processor : 0
2025-11-11T09:40:17.463+05:30 DEBUG 31660 --- [product-service] [DiscoveryClient-CacheRefreshExecutor-%d] com.netflix.discovery.DiscoveryClient    : The total number of all instances in the client now is 5
2025-11-11T09:40:17.463+05:30 DEBUG 31660 --- [product-service] [DiscoveryClient-CacheRefreshExecutor-%d] com.netflix.discovery.DiscoveryClient    : Completed cache refresh task for discovery. All Apps hash code is Local region apps hashcode: UP_5_, is fetching remote regions? false 
2025-11-11T09:40:17.493+05:30 DEBUG 31660 --- [product-service] [DiscoveryClient-HeartbeatExecutor-%d] com.netflix.discovery.DiscoveryClient    : DiscoveryClient_PRODUCT-SERVICE/product-service:0e4f6ea2f3ed3aa85ae0ffd8a0ed2958 - Heartbeat status: 200
2025-11-11T09:40:41.173+05:30  INFO 31660 --- [product-service] [RMI TCP Connection(176)-127.0.0.1] inMXBeanRegistrar$SpringApplicationAdmin : Application shutdown requested.
2025-11-11T09:40:41.182+05:30  INFO 31660 --- [product-service] [RMI TCP Connection(176)-127.0.0.1] o.s.c.n.e.s.EurekaServiceRegistry        : Unregistering application PRODUCT-SERVICE with eureka with status DOWN
2025-11-11T09:40:41.183+05:30  INFO 31660 --- [product-service] [RMI TCP Connection(176)-127.0.0.1] com.netflix.discovery.DiscoveryClient    : Saw local status change event StatusChangeEvent [timestamp=1762834241183, current=DOWN, previous=UP]
2025-11-11T09:40:41.183+05:30 DEBUG 31660 --- [product-service] [DiscoveryClient-InstanceInfoReplicator-%d] c.n.discovery.InstanceInfoReplicator     : Executing on-demand update of local InstanceInfo
2025-11-11T09:40:41.183+05:30 DEBUG 31660 --- [product-service] [DiscoveryClient-InstanceInfoReplicator-%d] c.n.discovery.InstanceInfoReplicator     : Canceling the latest scheduled update, it will be rescheduled at the end of on demand update
2025-11-11T09:40:41.183+05:30  INFO 31660 --- [product-service] [DiscoveryClient-InstanceInfoReplicator-%d] com.netflix.discovery.DiscoveryClient    : DiscoveryClient_PRODUCT-SERVICE/product-service:0e4f6ea2f3ed3aa85ae0ffd8a0ed2958: registering service...
2025-11-11T09:40:41.211+05:30  INFO 31660 --- [product-service] [RMI TCP Connection(176)-127.0.0.1] o.s.b.w.e.tomcat.GracefulShutdown        : Commencing graceful shutdown. Waiting for active requests to complete
2025-11-11T09:40:41.236+05:30  INFO 31660 --- [product-service] [DiscoveryClient-InstanceInfoReplicator-%d] com.netflix.discovery.DiscoveryClient    : DiscoveryClient_PRODUCT-SERVICE/product-service:0e4f6ea2f3ed3aa85ae0ffd8a0ed2958 - registration status: 204
2025-11-11T09:40:41.253+05:30  INFO 31660 --- [product-service] [tomcat-shutdown] o.s.b.w.e.tomcat.GracefulShutdown        : Graceful shutdown complete
2025-11-11T09:40:41.255+05:30  INFO 31660 --- [product-service] [RMI TCP Connection(176)-127.0.0.1] o.s.b.w.e.tomcat.GracefulShutdown        : Commencing graceful shutdown. Waiting for active requests to complete
2025-11-11T09:40:41.278+05:30  INFO 31660 --- [product-service] [tomcat-shutdown] o.s.b.w.e.tomcat.GracefulShutdown        : Graceful shutdown complete
2025-11-11T09:40:41.301+05:30  INFO 31660 --- [product-service] [RMI TCP Connection(176)-127.0.0.1] o.apache.catalina.core.StandardService   : Stopping service [Tomcat]
2025-11-11T09:40:41.365+05:30  INFO 31660 --- [product-service] [RMI TCP Connection(176)-127.0.0.1] j.LocalContainerEntityManagerFactoryBean : Closing JPA EntityManagerFactory for persistence unit 'default'
2025-11-11T09:40:41.375+05:30  INFO 31660 --- [product-service] [RMI TCP Connection(176)-127.0.0.1] com.zaxxer.hikari.HikariDataSource       : HikariPool-1 - Shutdown initiated...
2025-11-11T09:40:41.385+05:30  INFO 31660 --- [product-service] [RMI TCP Connection(176)-127.0.0.1] com.zaxxer.hikari.HikariDataSource       : HikariPool-1 - Shutdown completed.
2025-11-11T09:40:41.388+05:30  INFO 31660 --- [product-service] [RMI TCP Connection(176)-127.0.0.1] com.netflix.discovery.DiscoveryClient    : Shutting down DiscoveryClient ...
2025-11-11T09:40:44.401+05:30  INFO 31660 --- [product-service] [RMI TCP Connection(176)-127.0.0.1] com.netflix.discovery.DiscoveryClient    : Unregistering ...
2025-11-11T09:40:44.435+05:30  INFO 31660 --- [product-service] [RMI TCP Connection(176)-127.0.0.1] com.netflix.discovery.DiscoveryClient    : DiscoveryClient_PRODUCT-SERVICE/product-service:0e4f6ea2f3ed3aa85ae0ffd8a0ed2958 - deregister  status: 200
2025-11-11T09:40:44.436+05:30  INFO 31660 --- [product-service] [RMI TCP Connection(176)-127.0.0.1] com.netflix.discovery.DiscoveryClient    : Completed shut down of DiscoveryClient
